This is pdfTeX, Version 3.14159265-2.6-1.40.18 (TeX Live 2017) (preloaded format=pdflatex 2017.5.23)  8 SEP 2017 16:14
entering extended mode
 restricted \write18 enabled.
 %&-line parsing enabled.
**acl2017.tex
(./acl2017.tex
LaTeX2e <2017-04-15>
Babel <3.10> and hyphenation patterns for 84 language(s) loaded.
(/usr/local/texlive/2017/texmf-dist/tex/latex/base/article.cls
Document Class: article 2014/09/29 v1.4h Standard LaTeX document class
(/usr/local/texlive/2017/texmf-dist/tex/latex/base/size11.clo
File: size11.clo 2014/09/29 v1.4h Standard LaTeX file (size option)
)
\c@part=\count79
\c@section=\count80
\c@subsection=\count81
\c@subsubsection=\count82
\c@paragraph=\count83
\c@subparagraph=\count84
\c@figure=\count85
\c@table=\count86
\abovecaptionskip=\skip41
\belowcaptionskip=\skip42
\bibindent=\dimen102
)
(/usr/local/texlive/2017/texmf-dist/tex/latex/preprint/authblk.sty
Package: authblk 2001/02/27 1.3 (PWD)
\affilsep=\skip43
\@affilsep=\skip44
\c@Maxaffil=\count87
\c@authors=\count88
\c@affil=\count89
)
(./acl2017.sty
(/usr/local/texlive/2017/texmf-dist/tex/latex/hyperref/hyperref.sty
Package: hyperref 2017/03/14 v6.85a Hypertext links for LaTeX

(/usr/local/texlive/2017/texmf-dist/tex/generic/oberdiek/hobsub-hyperref.sty
Package: hobsub-hyperref 2016/05/16 v1.14 Bundle oberdiek, subset hyperref (HO)


(/usr/local/texlive/2017/texmf-dist/tex/generic/oberdiek/hobsub-generic.sty
Package: hobsub-generic 2016/05/16 v1.14 Bundle oberdiek, subset generic (HO)
Package: hobsub 2016/05/16 v1.14 Construct package bundles (HO)
Package: infwarerr 2016/05/16 v1.4 Providing info/warning/error messages (HO)
Package: ltxcmds 2016/05/16 v1.23 LaTeX kernel commands for general use (HO)
Package: ifluatex 2016/05/16 v1.4 Provides the ifluatex switch (HO)
Package ifluatex Info: LuaTeX not detected.
Package: ifvtex 2016/05/16 v1.6 Detect VTeX and its facilities (HO)
Package ifvtex Info: VTeX not detected.
Package: intcalc 2016/05/16 v1.2 Expandable calculations with integers (HO)
Package: ifpdf 2017/03/15 v3.2 Provides the ifpdf switch
Package: etexcmds 2016/05/16 v1.6 Avoid name clashes with e-TeX commands (HO)
Package etexcmds Info: Could not find \expanded.
(etexcmds)             That can mean that you are not using pdfTeX 1.50 or
(etexcmds)             that some package has redefined \expanded.
(etexcmds)             In the latter case, load this package earlier.
Package: kvsetkeys 2016/05/16 v1.17 Key value parser (HO)
Package: kvdefinekeys 2016/05/16 v1.4 Define keys (HO)
Package: pdftexcmds 2017/03/19 v0.25 Utility functions of pdfTeX for LuaTeX (HO
)
Package pdftexcmds Info: LuaTeX not detected.
Package pdftexcmds Info: \pdf@primitive is available.
Package pdftexcmds Info: \pdf@ifprimitive is available.
Package pdftexcmds Info: \pdfdraftmode found.
Package: pdfescape 2016/05/16 v1.14 Implements pdfTeX's escape features (HO)
Package: bigintcalc 2016/05/16 v1.4 Expandable calculations on big integers (HO
)
Package: bitset 2016/05/16 v1.2 Handle bit-vector datatype (HO)
Package: uniquecounter 2016/05/16 v1.3 Provide unlimited unique counter (HO)
)
Package hobsub Info: Skipping package `hobsub' (already loaded).
Package: letltxmacro 2016/05/16 v1.5 Let assignment for LaTeX macros (HO)
Package: hopatch 2016/05/16 v1.3 Wrapper for package hooks (HO)
Package: xcolor-patch 2016/05/16 xcolor patch
Package: atveryend 2016/05/16 v1.9 Hooks at the very end of document (HO)
Package atveryend Info: \enddocument detected (standard20110627).
Package: atbegshi 2016/06/09 v1.18 At begin shipout hook (HO)
Package: refcount 2016/05/16 v3.5 Data extraction from label references (HO)
Package: hycolor 2016/05/16 v1.8 Color options for hyperref/bookmark (HO)
)
(/usr/local/texlive/2017/texmf-dist/tex/latex/graphics/keyval.sty
Package: keyval 2014/10/28 v1.15 key=value parser (DPC)
\KV@toks@=\toks14
)
(/usr/local/texlive/2017/texmf-dist/tex/generic/ifxetex/ifxetex.sty
Package: ifxetex 2010/09/12 v0.6 Provides ifxetex conditional
)
(/usr/local/texlive/2017/texmf-dist/tex/latex/oberdiek/auxhook.sty
Package: auxhook 2016/05/16 v1.4 Hooks for auxiliary files (HO)
)
(/usr/local/texlive/2017/texmf-dist/tex/latex/oberdiek/kvoptions.sty
Package: kvoptions 2016/05/16 v3.12 Key value format for package options (HO)
)
\@linkdim=\dimen103
\Hy@linkcounter=\count90
\Hy@pagecounter=\count91

(/usr/local/texlive/2017/texmf-dist/tex/latex/hyperref/pd1enc.def
File: pd1enc.def 2017/03/14 v6.85a Hyperref: PDFDocEncoding definition (HO)
)
\Hy@SavedSpaceFactor=\count92

(/usr/local/texlive/2017/texmf-dist/tex/latex/latexconfig/hyperref.cfg
File: hyperref.cfg 2002/06/06 v1.2 hyperref configuration of TeXLive
)
Package hyperref Info: Hyper figures OFF on input line 4498.
Package hyperref Info: Link nesting OFF on input line 4503.
Package hyperref Info: Hyper index ON on input line 4506.
Package hyperref Info: Plain pages OFF on input line 4513.
Package hyperref Info: Backreferencing OFF on input line 4518.
Package hyperref Info: Implicit mode ON; LaTeX internals redefined.
Package hyperref Info: Bookmarks ON on input line 4751.
\c@Hy@tempcnt=\count93

(/usr/local/texlive/2017/texmf-dist/tex/latex/url/url.sty
\Urlmuskip=\muskip10
Package: url 2013/09/16  ver 3.4  Verb mode for urls, etc.
)
LaTeX Info: Redefining \url on input line 5104.
\XeTeXLinkMargin=\dimen104
\Fld@menulength=\count94
\Field@Width=\dimen105
\Fld@charsize=\dimen106
Package hyperref Info: Hyper figures OFF on input line 6358.
Package hyperref Info: Link nesting OFF on input line 6363.
Package hyperref Info: Hyper index ON on input line 6366.
Package hyperref Info: backreferencing OFF on input line 6373.
Package hyperref Info: Link coloring OFF on input line 6378.
Package hyperref Info: Link coloring with OCG OFF on input line 6383.
Package hyperref Info: PDF/A mode OFF on input line 6388.
LaTeX Info: Redefining \ref on input line 6428.
LaTeX Info: Redefining \pageref on input line 6432.
\Hy@abspage=\count95
\c@Item=\count96
\c@Hfootnote=\count97
)

Package hyperref Message: Driver (autodetected): hpdftex.

(/usr/local/texlive/2017/texmf-dist/tex/latex/hyperref/hpdftex.def
File: hpdftex.def 2017/03/14 v6.85a Hyperref driver for pdfTeX
\Fld@listcount=\count98
\c@bookmark@seq@number=\count99

(/usr/local/texlive/2017/texmf-dist/tex/latex/oberdiek/rerunfilecheck.sty
Package: rerunfilecheck 2016/05/16 v1.8 Rerun checks for auxiliary files (HO)
Package uniquecounter Info: New unique counter `rerunfilecheck' on input line 2
82.
)
\Hy@SectionHShift=\skip45
)
(/usr/local/texlive/2017/texmf-dist/tex/latex/xcolor/xcolor.sty
Package: xcolor 2016/05/11 v2.12 LaTeX color extensions (UK)

(/usr/local/texlive/2017/texmf-dist/tex/latex/graphics-cfg/color.cfg
File: color.cfg 2016/01/02 v1.6 sample color configuration
)
Package xcolor Info: Driver file: pdftex.def on input line 225.

(/usr/local/texlive/2017/texmf-dist/tex/latex/graphics-def/pdftex.def
File: pdftex.def 2017/01/12 v0.06k Graphics/color for pdfTeX
\Gread@gobject=\count100
)
Package xcolor Info: Model `cmy' substituted by `cmy0' on input line 1348.
Package xcolor Info: Model `hsb' substituted by `rgb' on input line 1352.
Package xcolor Info: Model `RGB' extended on input line 1364.
Package xcolor Info: Model `HTML' substituted by `rgb' on input line 1366.
Package xcolor Info: Model `Hsb' substituted by `hsb' on input line 1367.
Package xcolor Info: Model `tHsb' substituted by `hsb' on input line 1368.
Package xcolor Info: Model `HSB' substituted by `hsb' on input line 1369.
Package xcolor Info: Model `Gray' substituted by `gray' on input line 1370.
Package xcolor Info: Model `wave' substituted by `hsb' on input line 1371.
)
Package hyperref Info: Option `colorlinks' set `true' on input line 99.

Conference Style for ACL 2017
\titlebox=\skip46
\aclrulerbox=\box26
\aclrulercount=\count101
\aclruleroffset=\dimen107
\cv@lineheight=\dimen108
\cv@boxheight=\dimen109
\cv@tmpbox=\box27
\cv@refno=\count102
\cv@tot=\count103
\cv@tmpc@=\count104
\cv@tmpc=\count105
(/usr/local/texlive/2017/texmf-dist/tex/latex/natbib/natbib.sty
Package: natbib 2010/09/13 8.31b (PWD, AO)
\bibhang=\skip47
\bibsep=\skip48
LaTeX Info: Redefining \cite on input line 694.
\c@NAT@ctr=\count106
))
(/usr/local/texlive/2017/texmf-dist/tex/latex/psnfss/times.sty
Package: times 2005/04/12 PSNFSS-v9.2a (SPQR) 
)
(/usr/local/texlive/2017/texmf-dist/tex/latex/base/latexsym.sty
Package: latexsym 1998/08/17 v2.2e Standard LaTeX package (lasy symbols)
\symlasy=\mathgroup4
LaTeX Font Info:    Overwriting symbol font `lasy' in version `bold'
(Font)                  U/lasy/m/n --> U/lasy/b/n on input line 52.
)
(/usr/local/texlive/2017/texmf-dist/tex/latex/graphics/graphicx.sty
Package: graphicx 2014/10/28 v1.0g Enhanced LaTeX Graphics (DPC,SPQR)

(/usr/local/texlive/2017/texmf-dist/tex/latex/graphics/graphics.sty
Package: graphics 2017/04/14 v1.1b Standard LaTeX Graphics (DPC,SPQR)

(/usr/local/texlive/2017/texmf-dist/tex/latex/graphics/trig.sty
Package: trig 2016/01/03 v1.10 sin cos tan (DPC)
)
(/usr/local/texlive/2017/texmf-dist/tex/latex/graphics-cfg/graphics.cfg
File: graphics.cfg 2016/06/04 v1.11 sample graphics configuration
)
Package graphics Info: Driver file: pdftex.def on input line 99.
)
\Gin@req@height=\dimen110
\Gin@req@width=\dimen111
)
(/usr/local/texlive/2017/texmf-dist/tex/latex/amsmath/amsmath.sty
Package: amsmath 2016/11/05 v2.16a AMS math features
\@mathmargin=\skip49

For additional information on amsmath, use the `?' option.
(/usr/local/texlive/2017/texmf-dist/tex/latex/amsmath/amstext.sty
Package: amstext 2000/06/29 v2.01 AMS text

(/usr/local/texlive/2017/texmf-dist/tex/latex/amsmath/amsgen.sty
File: amsgen.sty 1999/11/30 v2.0 generic functions
\@emptytoks=\toks15
\ex@=\dimen112
))
(/usr/local/texlive/2017/texmf-dist/tex/latex/amsmath/amsbsy.sty
Package: amsbsy 1999/11/29 v1.2d Bold Symbols
\pmbraise@=\dimen113
)
(/usr/local/texlive/2017/texmf-dist/tex/latex/amsmath/amsopn.sty
Package: amsopn 2016/03/08 v2.02 operator names
)
\inf@bad=\count107
LaTeX Info: Redefining \frac on input line 213.
\uproot@=\count108
\leftroot@=\count109
LaTeX Info: Redefining \overline on input line 375.
\classnum@=\count110
\DOTSCASE@=\count111
LaTeX Info: Redefining \ldots on input line 472.
LaTeX Info: Redefining \dots on input line 475.
LaTeX Info: Redefining \cdots on input line 596.
\Mathstrutbox@=\box28
\strutbox@=\box29
\big@size=\dimen114
LaTeX Font Info:    Redeclaring font encoding OML on input line 712.
LaTeX Font Info:    Redeclaring font encoding OMS on input line 713.
\macc@depth=\count112
\c@MaxMatrixCols=\count113
\dotsspace@=\muskip11
\c@parentequation=\count114
\dspbrk@lvl=\count115
\tag@help=\toks16
\row@=\count116
\column@=\count117
\maxfields@=\count118
\andhelp@=\toks17
\eqnshift@=\dimen115
\alignsep@=\dimen116
\tagshift@=\dimen117
\tagwidth@=\dimen118
\totwidth@=\dimen119
\lineht@=\dimen120
\@envbody=\toks18
\multlinegap=\skip50
\multlinetaggap=\skip51
\mathdisplay@stack=\toks19
LaTeX Info: Redefining \[ on input line 2817.
LaTeX Info: Redefining \] on input line 2818.
)
(/usr/local/texlive/2017/texmf-dist/tex/latex/amsfonts/amsfonts.sty
Package: amsfonts 2013/01/14 v3.01 Basic AMSFonts support
\symAMSa=\mathgroup5
\symAMSb=\mathgroup6
LaTeX Font Info:    Overwriting math alphabet `\mathfrak' in version `bold'
(Font)                  U/euf/m/n --> U/euf/b/n on input line 106.
)
(/usr/local/texlive/2017/texmf-dist/tex/latex/csquotes/csquotes.sty
Package: csquotes 2017/03/11 v5.2b context-sensitive quotations (JAW)

(/usr/local/texlive/2017/texmf-dist/tex/latex/etoolbox/etoolbox.sty
Package: etoolbox 2017/01/02 v2.4 e-TeX tools for LaTeX (JAW)
\etb@tempcnta=\count119
)
\csq@reset=\count120
\csq@gtype=\count121
\csq@glevel=\count122
\csq@qlevel=\count123
\csq@maxlvl=\count124
\csq@tshold=\count125
\csq@ltx@everypar=\toks20

(/usr/local/texlive/2017/texmf-dist/tex/latex/csquotes/csquotes.def
File: csquotes.def 2017/03/11 v5.2b csquotes generic definitions (JAW)
)
Package csquotes Info: Trying to load configuration file 'csquotes.cfg'...
Package csquotes Info: ... configuration file loaded successfully.

(/usr/local/texlive/2017/texmf-dist/tex/latex/csquotes/csquotes.cfg
File: csquotes.cfg 
))
(/usr/local/texlive/2017/texmf-dist/tex/latex/comment/comment.sty
\CommentStream=\write3

Excluding comment 'comment') Excluding 'comment' comment.
Package csquotes Info: Checking for multilingual support...
Package csquotes Info: ... none found.
 (./acl2017.aux

LaTeX Warning: Label `fig:frog' multiply defined.


LaTeX Warning: Label `fig:frog' multiply defined.


LaTeX Warning: Label `fig:frog' multiply defined.


LaTeX Warning: Label `fig:frog' multiply defined.


LaTeX Warning: Label `fig:frog' multiply defined.


LaTeX Warning: Label `fig:frog' multiply defined.


LaTeX Warning: Label `fig:frog' multiply defined.


LaTeX Warning: Label `fig:frog' multiply defined.

)
\openout1 = `acl2017.aux'.

LaTeX Font Info:    Checking defaults for OML/cmm/m/it on input line 73.
LaTeX Font Info:    ... okay on input line 73.
LaTeX Font Info:    Checking defaults for T1/cmr/m/n on input line 73.
LaTeX Font Info:    ... okay on input line 73.
LaTeX Font Info:    Checking defaults for OT1/cmr/m/n on input line 73.
LaTeX Font Info:    ... okay on input line 73.
LaTeX Font Info:    Checking defaults for OMS/cmsy/m/n on input line 73.
LaTeX Font Info:    ... okay on input line 73.
LaTeX Font Info:    Checking defaults for OMX/cmex/m/n on input line 73.
LaTeX Font Info:    ... okay on input line 73.
LaTeX Font Info:    Checking defaults for U/cmr/m/n on input line 73.
LaTeX Font Info:    ... okay on input line 73.
LaTeX Font Info:    Checking defaults for PD1/pdf/m/n on input line 73.
LaTeX Font Info:    ... okay on input line 73.
LaTeX Font Info:    Try loading font information for OT1+ptm on input line 73.
 (/usr/local/texlive/2017/texmf-dist/tex/latex/psnfss/ot1ptm.fd
File: ot1ptm.fd 2001/06/04 font definitions for OT1/ptm.
)
\AtBeginShipoutBox=\box30
Package hyperref Info: Link coloring ON on input line 73.

(/usr/local/texlive/2017/texmf-dist/tex/latex/hyperref/nameref.sty
Package: nameref 2016/05/21 v2.44 Cross-referencing by name of section

(/usr/local/texlive/2017/texmf-dist/tex/generic/oberdiek/gettitlestring.sty
Package: gettitlestring 2016/05/16 v1.5 Cleanup title references (HO)
)
\c@section@level=\count126
)
LaTeX Info: Redefining \ref on input line 73.
LaTeX Info: Redefining \pageref on input line 73.
LaTeX Info: Redefining \nameref on input line 73.

(./acl2017.out) (./acl2017.out)
\@outlinefile=\write4
\openout4 = `acl2017.out'.


(/usr/local/texlive/2017/texmf-dist/tex/context/base/mkii/supp-pdf.mkii
[Loading MPS to PDF converter (version 2006.09.02).]
\scratchcounter=\count127
\scratchdimen=\dimen121
\scratchbox=\box31
\nofMPsegments=\count128
\nofMParguments=\count129
\everyMPshowfont=\toks21
\MPscratchCnt=\count130
\MPscratchDim=\dimen122
\MPnumerator=\count131
\makeMPintoPDFobject=\count132
\everyMPtoPDFconversion=\toks22
) (/usr/local/texlive/2017/texmf-dist/tex/latex/oberdiek/epstopdf-base.sty
Package: epstopdf-base 2016/05/15 v2.6 Base part for package epstopdf

(/usr/local/texlive/2017/texmf-dist/tex/latex/oberdiek/grfext.sty
Package: grfext 2016/05/16 v1.2 Manage graphics extensions (HO)
)
Package epstopdf-base Info: Redefining graphics rule for `.eps' on input line 4
38.
Package grfext Info: Graphics extension search list:
(grfext)             [.png,.pdf,.jpg,.mps,.jpeg,.jbig2,.jb2,.PNG,.PDF,.JPG,.JPE
G,.JBIG2,.JB2,.eps]
(grfext)             \AppendGraphicsExtensions on input line 456.

(/usr/local/texlive/2017/texmf-dist/tex/latex/latexconfig/epstopdf-sys.cfg
File: epstopdf-sys.cfg 2010/07/13 v1.3 Configuration of (r)epstopdf for TeX Liv
e
))
ABD: EveryShipout initializing macros
LaTeX Font Info:    Font shape `OT1/ptm/bx/n' in size <14.4> not available
(Font)              Font shape `OT1/ptm/b/n' tried instead on input line 74.
LaTeX Font Info:    Try loading font information for U+lasy on input line 74.

(/usr/local/texlive/2017/texmf-dist/tex/latex/base/ulasy.fd
File: ulasy.fd 1998/08/17 v2.2e LaTeX symbol font definitions
)
LaTeX Font Info:    Try loading font information for U+msa on input line 74.

(/usr/local/texlive/2017/texmf-dist/tex/latex/amsfonts/umsa.fd
File: umsa.fd 2013/01/14 v3.01 AMS symbols A
)
LaTeX Font Info:    Try loading font information for U+msb on input line 74.

(/usr/local/texlive/2017/texmf-dist/tex/latex/amsfonts/umsb.fd
File: umsb.fd 2013/01/14 v3.01 AMS symbols B
)
LaTeX Font Info:    Font shape `OT1/ptm/bx/n' in size <12> not available
(Font)              Font shape `OT1/ptm/b/n' tried instead on input line 74.

Underfull \hbox (badness 1509) in paragraph at lines 78--79
\OT1/ptm/m/n/10.95 man-tics that are based on purely dis-
 []


Underfull \hbox (badness 1565) in paragraph at lines 78--79
\OT1/ptm/m/n/10.95 tri-bu-tional in-for-ma-tion have done well
 []


Underfull \hbox (badness 1325) in paragraph at lines 86--87
\OT1/ptm/m/n/10.95 man-tic knowl-edge (Verb-Net)? Maybe
 []

LaTeX Font Info:    Font shape `OT1/ptm/bx/n' in size <10.95> not available
(Font)              Font shape `OT1/ptm/b/n' tried instead on input line 90.
<VerbTable.png, id=4, 628.3475pt x 214.8025pt>
File: VerbTable.png Graphic file (type png)
 <use VerbTable.png>
Package pdftex.def Info: VerbTable.png used on input line 99.
(pdftex.def)             Requested size: 227.62204pt x 77.81064pt.

Overfull \hbox (8.53592pt too wide) in paragraph at lines 99--100
 [][] 
 []


Underfull \hbox (badness 1152) in paragraph at lines 104--105
\OT1/ptm/m/n/10.95 riched by Verb-net, a database of about 8000
 []

Missing character: There is no ‚ in font ptmr7t!
Missing character: There is no Ä in font ptmr7t!
Missing character: There is no ú in font ptmr7t!
Missing character: There is no ‚ in font ptmr7t!
Missing character: There is no Ä in font ptmr7t!
Missing character: There is no ù in font ptmr7t!

Underfull \hbox (badness 2173) in paragraph at lines 107--108
\OT1/ptm/m/n/10.95 con-sist-ing of a syn-tac-tic de-scrip-tion
 []


Underfull \hbox (badness 1062) in paragraph at lines 107--108
\OT1/ptm/m/n/10.95 and se-man-tic pred-i-cates with a tem-
 []

Missing character: There is no ‚ in font ptmr7t!
Missing character: There is no Ä in font ptmr7t!
Missing character: There is no ú in font ptmr7t!
Missing character: There is no ‚ in font ptmr7t!
Missing character: There is no Ä in font ptmr7t!
Missing character: There is no ù in font ptmr7t!
[1{/usr/local/texlive/2017/texmf-var/fonts/map/pdftex/updmap/pdftex.map}



 <./VerbTable.png>]
Missing character: There is no ‚ in font ptmr7t!
Missing character: There is no Ä in font ptmr7t!
Missing character: There is no ô in font ptmr7t!
 <AUC_plot5.png, id=18, 433.62pt x 289.08pt>
File: AUC_plot5.png Graphic file (type png)
 <use AUC_plot5.png>
Package pdftex.def Info: AUC_plot5.png used on input line 144.
(pdftex.def)             Requested size: 227.62204pt x 151.74721pt.

Overfull \hbox (8.53592pt too wide) in paragraph at lines 144--145
 [][] 
 []

<auc_plot15.png, id=19, 433.62pt x 289.08pt>
File: auc_plot15.png Graphic file (type png)
 <use auc_plot15.png>
Package pdftex.def Info: auc_plot15.png used on input line 152.
(pdftex.def)             Requested size: 227.62204pt x 151.74721pt.

Overfull \hbox (8.53592pt too wide) in paragraph at lines 152--153
 [][] 
 []

[2] <auc_plot30.png, id=32, 433.62pt x 289.08pt>
File: auc_plot30.png Graphic file (type png)
 <use auc_plot30.png>
Package pdftex.def Info: auc_plot30.png used on input line 158.
(pdftex.def)             Requested size: 227.62204pt x 151.74721pt.

Overfull \hbox (8.53592pt too wide) in paragraph at lines 158--159
 [][] 
 []

<auc_plot50.png, id=33, 433.62pt x 289.08pt>
File: auc_plot50.png Graphic file (type png)
 <use auc_plot50.png>
Package pdftex.def Info: auc_plot50.png used on input line 164.
(pdftex.def)             Requested size: 227.62204pt x 151.74721pt.

Overfull \hbox (8.53592pt too wide) in paragraph at lines 164--165
 [][] 
 []

<auc_scatter5.png, id=34, 433.62pt x 289.08pt>
File: auc_scatter5.png Graphic file (type png)
 <use auc_scatter5.png>
Package pdftex.def Info: auc_scatter5.png used on input line 172.
(pdftex.def)             Requested size: 227.62204pt x 151.74721pt.

Overfull \hbox (8.53592pt too wide) in paragraph at lines 172--173
 [][] 
 []

[3 <./AUC_plot5.png> <./auc_plot15.png> <./auc_plot30.png> <./auc_plot50.png> <
./auc_scatter5.png>] <auc_plot5rand.png, id=49, 433.62pt x 289.08pt>
File: auc_plot5rand.png Graphic file (type png)

<use auc_plot5rand.png>
Package pdftex.def Info: auc_plot5rand.png used on input line 184.
(pdftex.def)             Requested size: 227.62204pt x 151.74721pt.

Overfull \hbox (8.53592pt too wide) in paragraph at lines 184--185
 [][] 
 []

<auc_scatter5rand.png, id=50, 433.62pt x 289.08pt>
File: auc_scatter5rand.png Graphic file (type png)
 <use auc_scatter5rand.png>
Package pdftex.def Info: auc_scatter5rand.png used on input line 190.
(pdftex.def)             Requested size: 227.62204pt x 151.74721pt.

Overfull \hbox (8.53592pt too wide) in paragraph at lines 190--191
 [][] 
 []

<aucbydimension.png, id=51, 523.9575pt x 347.2975pt>
File: aucbydimension.png Graphic file (type png)
 <use aucbydimension.png>
Package pdftex.def Info: aucbydimension.png used on input line 205.
(pdftex.def)             Requested size: 227.62204pt x 150.87181pt.

Overfull \hbox (8.53592pt too wide) in paragraph at lines 205--206
 [][] 
 []

(./acl2017.bbl [4 <./auc_plot5rand.png> <./auc_scatter5rand.png> <./aucbydimens
ion.png>])
Package atveryend Info: Empty hook `BeforeClearDocument' on input line 251.
 [5]
Package atveryend Info: Empty hook `AfterLastShipout' on input line 251.
 (./acl2017.aux)
Package atveryend Info: Executing hook `AtVeryEndDocument' on input line 251.
Package atveryend Info: Executing hook `AtEndAfterFileList' on input line 251.
Package rerunfilecheck Info: File `acl2017.out' has not changed.
(rerunfilecheck)             Checksum: D41D8CD98F00B204E9800998ECF8427E;0.


LaTeX Warning: There were multiply-defined labels.

Package atveryend Info: Empty hook `AtVeryVeryEnd' on input line 251.
 )
(\end occurred when \iffalse on line 337 was incomplete) 
Here is how much of TeX's memory you used:
 7706 strings out of 492995
 110041 string characters out of 6132704
 221230 words of memory out of 5000000
 11116 multiletter control sequences out of 15000+600000
 26408 words of font info for 63 fonts, out of 8000000 for 9000
 1141 hyphenation exceptions out of 8191
 35i,14n,37p,928b,488s stack positions out of 5000i,500n,10000p,200000b,80000s
{/usr/local/texlive/201
7/texmf-dist/fonts/enc/dvips/base/8r.enc}</usr/local/texlive/2017/texmf-dist/fo
nts/type1/public/amsfonts/cm/cmmi10.pfb></usr/local/texlive/2017/texmf-dist/fon
ts/type1/public/amsfonts/cm/cmmi6.pfb></usr/local/texlive/2017/texmf-dist/fonts
/type1/public/amsfonts/cm/cmmi8.pfb></usr/local/texlive/2017/texmf-dist/fonts/t
ype1/public/amsfonts/cm/cmr10.pfb></usr/local/texlive/2017/texmf-dist/fonts/typ
e1/public/amsfonts/cm/cmr6.pfb></usr/local/texlive/2017/texmf-dist/fonts/type1/
public/amsfonts/cm/cmr8.pfb></usr/local/texlive/2017/texmf-dist/fonts/type1/pub
lic/amsfonts/cm/cmsy10.pfb></usr/local/texlive/2017/texmf-dist/fonts/type1/publ
ic/amsfonts/cm/cmsy8.pfb></usr/local/texlive/2017/texmf-dist/fonts/type1/public
/amsfonts/symbols/msbm10.pfb></usr/local/texlive/2017/texmf-dist/fonts/type1/ur
w/times/utmb8a.pfb></usr/local/texlive/2017/texmf-dist/fonts/type1/urw/times/ut
mr8a.pfb></usr/local/texlive/2017/texmf-dist/fonts/type1/urw/times/utmri8a.pfb>

Output written on acl2017.pdf (5 pages, 518717 bytes).
PDF statistics:
 141 PDF objects out of 1000 (max. 8388607)
 102 compressed objects within 2 object streams
 33 named destinations out of 1000 (max. 500000)
 46 words of extra memory for PDF output out of 10000 (max. 10000000)

